Using pre-set license
Built from '2020.3/staging' branch; Version is '2020.3.11f1 (99c7afb366b3) revision 10078127'; Using compiler version '192528614'; Build Type 'Release'
OS: 'Windows 10 Enterprise; OS build 19042.1348; Version 2009; 64bit' Language: 'en' Physical Memory: 24235 MB
BatchMode: 1, IsHumanControllingUs: 0, StartBugReporterOnCrash: 0, Is64bit: 1, IsPro: 0

 COMMAND LINE ARGUMENTS:
D:\UnityVersions\2020.3.11f1\Editor\Unity.exe
-adb2
-batchMode
-noUpm
-name
AssetImportWorker0
-projectPath
D:/Coursera_Projects/2DPlatformer/2DPlatformer
-logFile
Logs/AssetImportWorker0.log
-srvPort
51419
Successfully changed project path to: D:/Coursera_Projects/2DPlatformer/2DPlatformer
D:/Coursera_Projects/2DPlatformer/2DPlatformer
Using Asset Import Pipeline V2.
Refreshing native plugins compatible for Editor in 99.74 ms, found 2 plugins.
Preloading 0 native plugins for Editor in 0.00 ms.
Initialize engine version: 2020.3.11f1 (99c7afb366b3)
[Subsystems] Discovering subsystems at path D:/UnityVersions/2020.3.11f1/Editor/Data/Resources/UnitySubsystems
[Subsystems] Discovering subsystems at path D:/Coursera_Projects/2DPlatformer/2DPlatformer/Assets
GfxDevice: creating device client; threaded=0
Direct3D:
    Version:  Direct3D 11.0 [level 11.1]
    Renderer: AMD Radeon R7 M460 (ID=0x6900)
    Vendor:   
    VRAM:     4086 MB
    Driver:   27.20.1034.6
Initialize mono
Mono path[0] = 'D:/UnityVersions/2020.3.11f1/Editor/Data/Managed'
Mono path[1] = 'D:/UnityVersions/2020.3.11f1/Editor/Data/MonoBleedingEdge/lib/mono/unityjit'
Mono config path = 'D:/UnityVersions/2020.3.11f1/Editor/Data/MonoBleedingEdge/etc'
Using monoOptions --debugger-agent=transport=dt_socket,embedding=1,server=y,suspend=n,address=127.0.0.1:56804
Begin MonoManager ReloadAssembly
Registering precompiled unity dll's ...
Register platform support module: D:/UnityVersions/2020.3.11f1/Editor/Data/PlaybackEngines/WebGLSupport/UnityEditor.WebGL.Extensions.dll
Register platform support module: D:/UnityVersions/2020.3.11f1/Editor/Data/PlaybackEngines/WindowsStandaloneSupport/UnityEditor.WindowsStandalone.Extensions.dll
Registered in 0.003123 seconds.
Native extension for WindowsStandalone target not found
Native extension for WebGL target not found
Refreshing native plugins compatible for Editor in 93.70 ms, found 2 plugins.
Preloading 0 native plugins for Editor in 0.00 ms.
Mono: successfully reloaded assembly
- Completed reload, in  2.581 seconds
Platform modules already initialized, skipping
Registering precompiled user dll's ...
Registered in 0.006817 seconds.
Begin MonoManager ReloadAssembly
Native extension for WindowsStandalone target not found
Native extension for WebGL target not found
Refreshing native plugins compatible for Editor in 93.68 ms, found 2 plugins.
Preloading 0 native plugins for Editor in 0.00 ms.
Mono: successfully reloaded assembly
- Completed reload, in  2.558 seconds
Platform modules already initialized, skipping
========================================================================
Worker process is ready to serve import requests
Launched and connected shader compiler UnityShaderCompiler.exe after 0.13 seconds
Refreshing native plugins compatible for Editor in 1.04 ms, found 2 plugins.
Preloading 0 native plugins for Editor in 0.00 ms.
Unloading 1804 Unused Serialized files (Serialized files now loaded: 0)
System memory in use before: 80.2 MB.
System memory in use after: 80.2 MB.

Unloading 25 unused Assets to reduce memory usage. Loaded Objects now: 2243.
Total: 4.913200 ms (FindLiveObjects: 0.330200 ms CreateObjectMapping: 0.127200 ms MarkObjects: 4.293700 ms  DeleteObjects: 0.160000 ms)

========================================================================
Received Import Request.
  path: Assets/Scenes/MainMenu.unity
  artifactKey: Guid(3efd518aa85978540aca7c655bb88581) Importer(815301076,1909f56bfc062723c751e8b465ee728b)
Start importing Assets/Scenes/MainMenu.unity using Guid(3efd518aa85978540aca7c655bb88581) Importer(815301076,1909f56bfc062723c751e8b465ee728b)  -> (artifact id: '0a44e7f1225daa8d5f7ea8fd734cce75') in 0.039064 seconds
  Import took 0.046864 seconds .

========================================================================
Received Import Request.
  Time since last request: 0.000687 seconds.
  path: Assets/Scenes/Level2.unity
  artifactKey: Guid(361025120f6fa414593d0eb0f2edb469) Importer(815301076,1909f56bfc062723c751e8b465ee728b)
Start importing Assets/Scenes/Level2.unity using Guid(361025120f6fa414593d0eb0f2edb469) Importer(815301076,1909f56bfc062723c751e8b465ee728b)  -> (artifact id: 'c2c901b6395e3c4d820c08e72f752be5') in 0.014924 seconds
  Import took 0.022814 seconds .

========================================================================
Received Import Request.
  Time since last request: 0.000583 seconds.
  path: Assets/Scenes/Level1.unity
  artifactKey: Guid(40b9170d60364bd4c9d8c4b3d9f01017) Importer(815301076,1909f56bfc062723c751e8b465ee728b)
Start importing Assets/Scenes/Level1.unity using Guid(40b9170d60364bd4c9d8c4b3d9f01017) Importer(815301076,1909f56bfc062723c751e8b465ee728b)  -> (artifact id: 'c0a94789704d878b050328ba6ae3e00f') in 0.020606 seconds
  Import took 0.028868 seconds .

========================================================================
Received Prepare
Registering precompiled user dll's ...
Registered in 0.005575 seconds.
Begin MonoManager ReloadAssembly
Native extension for WindowsStandalone target not found
Native extension for WebGL target not found
Refreshing native plugins compatible for Editor in 1.28 ms, found 2 plugins.
Preloading 0 native plugins for Editor in 0.00 ms.
Mono: successfully reloaded assembly
- Completed reload, in  3.035 seconds
Platform modules already initialized, skipping
Refreshing native plugins compatible for Editor in 0.60 ms, found 2 plugins.
Preloading 0 native plugins for Editor in 0.00 ms.
Unloading 1797 Unused Serialized files (Serialized files now loaded: 0)
System memory in use before: 80.1 MB.
System memory in use after: 80.2 MB.

Unloading 14 unused Assets to reduce memory usage. Loaded Objects now: 2245.
Total: 4.425900 ms (FindLiveObjects: 0.278500 ms CreateObjectMapping: 0.126300 ms MarkObjects: 3.929500 ms  DeleteObjects: 0.089400 ms)

========================================================================
Received Prepare
Registering precompiled user dll's ...
Registered in 0.005370 seconds.
Begin MonoManager ReloadAssembly
Native extension for WindowsStandalone target not found
Native extension for WebGL target not found
Refreshing native plugins compatible for Editor in 0.82 ms, found 2 plugins.
Preloading 0 native plugins for Editor in 0.00 ms.
Mono: successfully reloaded assembly
- Completed reload, in  2.364 seconds
Platform modules already initialized, skipping
Refreshing native plugins compatible for Editor in 1.20 ms, found 2 plugins.
Preloading 0 native plugins for Editor in 0.00 ms.
Unloading 1797 Unused Serialized files (Serialized files now loaded: 0)
System memory in use before: 80.2 MB.
System memory in use after: 80.3 MB.

Unloading 14 unused Assets to reduce memory usage. Loaded Objects now: 2247.
Total: 4.771900 ms (FindLiveObjects: 0.363200 ms CreateObjectMapping: 0.146900 ms MarkObjects: 4.154000 ms  DeleteObjects: 0.105600 ms)

========================================================================
Received Prepare
Registering precompiled user dll's ...
Registered in 0.008401 seconds.
Begin MonoManager ReloadAssembly
Native extension for WindowsStandalone target not found
Native extension for WebGL target not found
Refreshing native plugins compatible for Editor in 0.82 ms, found 2 plugins.
Preloading 0 native plugins for Editor in 0.00 ms.
Mono: successfully reloaded assembly
- Completed reload, in  2.296 seconds
Platform modules already initialized, skipping
Refreshing native plugins compatible for Editor in 0.86 ms, found 2 plugins.
Preloading 0 native plugins for Editor in 0.00 ms.
Unloading 1797 Unused Serialized files (Serialized files now loaded: 0)
System memory in use before: 80.2 MB.
System memory in use after: 80.3 MB.

Unloading 14 unused Assets to reduce memory usage. Loaded Objects now: 2249.
Total: 3.651200 ms (FindLiveObjects: 0.341600 ms CreateObjectMapping: 0.139200 ms MarkObjects: 3.062400 ms  DeleteObjects: 0.102700 ms)

========================================================================
Received Import Request.
  Time since last request: 510.738545 seconds.
  path: Assets/Scripts/Pickups
  artifactKey: Guid(e0e2be8ed53b98847ad78495a092a534) Importer(815301076,1909f56bfc062723c751e8b465ee728b)
Start importing Assets/Scripts/Pickups using Guid(e0e2be8ed53b98847ad78495a092a534) Importer(815301076,1909f56bfc062723c751e8b465ee728b)  -> (artifact id: 'ca8dbf851edc6df1d1fe32afe4211588') in 0.033774 seconds
  Import took 0.040388 seconds .

========================================================================
Received Import Request.
  Time since last request: 0.004678 seconds.
  path: Assets/Scripts/Pickups
  artifactKey: Guid(e0e2be8ed53b98847ad78495a092a534) Importer(815301076,1909f56bfc062723c751e8b465ee728b)
Start importing Assets/Scripts/Pickups using Guid(e0e2be8ed53b98847ad78495a092a534) Importer(815301076,1909f56bfc062723c751e8b465ee728b)  -> (artifact id: 'ca8dbf851edc6df1d1fe32afe4211588') in 0.005946 seconds
  Import took 0.013419 seconds .

========================================================================
Received Import Request.
  Time since last request: 12.725017 seconds.
  path: Assets/Scripts/Pickups/FullHealPickup.cs
  artifactKey: Guid(05b225d8fb728b7449e97ff17dfcdd2d) Importer(815301076,1909f56bfc062723c751e8b465ee728b)
Start importing Assets/Scripts/Pickups/FullHealPickup.cs using Guid(05b225d8fb728b7449e97ff17dfcdd2d) Importer(815301076,1909f56bfc062723c751e8b465ee728b)  -> (artifact id: '3ea500d0dc55833e0c176b51c81864c6') in 0.076825 seconds
  Import took 0.084689 seconds .

========================================================================
Received Prepare
Registering precompiled user dll's ...
Registered in 0.004902 seconds.
Begin MonoManager ReloadAssembly
Native extension for WindowsStandalone target not found
Native extension for WebGL target not found
Refreshing native plugins compatible for Editor in 1.04 ms, found 2 plugins.
Preloading 0 native plugins for Editor in 0.00 ms.
Mono: successfully reloaded assembly
- Completed reload, in  2.587 seconds
Platform modules already initialized, skipping
Refreshing native plugins compatible for Editor in 1.54 ms, found 2 plugins.
Preloading 0 native plugins for Editor in 0.00 ms.
Unloading 1798 Unused Serialized files (Serialized files now loaded: 0)
System memory in use before: 80.2 MB.
System memory in use after: 80.3 MB.

Unloading 14 unused Assets to reduce memory usage. Loaded Objects now: 2252.
Total: 6.253300 ms (FindLiveObjects: 0.550100 ms CreateObjectMapping: 0.333600 ms MarkObjects: 5.253300 ms  DeleteObjects: 0.113800 ms)

========================================================================
Received Import Request.
  Time since last request: 1333.721666 seconds.
  path: Assets/Scripts/Pickups/FullHealPickup.cs
  artifactKey: Guid(05b225d8fb728b7449e97ff17dfcdd2d) Importer(815301076,1909f56bfc062723c751e8b465ee728b)
Start importing Assets/Scripts/Pickups/FullHealPickup.cs using Guid(05b225d8fb728b7449e97ff17dfcdd2d) Importer(815301076,1909f56bfc062723c751e8b465ee728b)  -> (artifact id: 'be8d403be8848cdea8f833af820ac2e7') in 0.017307 seconds
  Import took 0.023287 seconds .

========================================================================
Received Import Request.
  Time since last request: 0.276924 seconds.
  path: Assets/Scripts/Pickups/FullHealPickup.cs
  artifactKey: Guid(05b225d8fb728b7449e97ff17dfcdd2d) Importer(815301076,1909f56bfc062723c751e8b465ee728b)
Start importing Assets/Scripts/Pickups/FullHealPickup.cs using Guid(05b225d8fb728b7449e97ff17dfcdd2d) Importer(815301076,1909f56bfc062723c751e8b465ee728b)  -> (artifact id: 'be8d403be8848cdea8f833af820ac2e7') in 0.024592 seconds
  Import took 0.049692 seconds .

========================================================================
Received Prepare
Registering precompiled user dll's ...
Registered in 0.005490 seconds.
Begin MonoManager ReloadAssembly
Native extension for WindowsStandalone target not found
Native extension for WebGL target not found
Refreshing native plugins compatible for Editor in 1.34 ms, found 2 plugins.
Preloading 0 native plugins for Editor in 0.00 ms.
Mono: successfully reloaded assembly
- Completed reload, in  3.402 seconds
Platform modules already initialized, skipping
Refreshing native plugins compatible for Editor in 1.41 ms, found 2 plugins.
Preloading 0 native plugins for Editor in 0.00 ms.
Unloading 1798 Unused Serialized files (Serialized files now loaded: 0)
System memory in use before: 80.2 MB.
System memory in use after: 80.3 MB.

Unloading 14 unused Assets to reduce memory usage. Loaded Objects now: 2254.
Total: 6.508300 ms (FindLiveObjects: 0.502500 ms CreateObjectMapping: 0.225100 ms MarkObjects: 5.648600 ms  DeleteObjects: 0.129400 ms)

========================================================================
Received Import Request.
  Time since last request: 14.209519 seconds.
  path: Assets/Scripts/Pickups/FullHealPickup.cs
  artifactKey: Guid(05b225d8fb728b7449e97ff17dfcdd2d) Importer(815301076,1909f56bfc062723c751e8b465ee728b)
Start importing Assets/Scripts/Pickups/FullHealPickup.cs using Guid(05b225d8fb728b7449e97ff17dfcdd2d) Importer(815301076,1909f56bfc062723c751e8b465ee728b)  -> (artifact id: '8fef177381b1c2e5c4e10f4fd9eeb01e') in 0.024222 seconds
  Import took 0.033126 seconds .

========================================================================
Received Import Request.
  Time since last request: 0.179269 seconds.
  path: Assets/Scripts/Pickups/FullHealPickup.cs
  artifactKey: Guid(05b225d8fb728b7449e97ff17dfcdd2d) Importer(815301076,1909f56bfc062723c751e8b465ee728b)
Start importing Assets/Scripts/Pickups/FullHealPickup.cs using Guid(05b225d8fb728b7449e97ff17dfcdd2d) Importer(815301076,1909f56bfc062723c751e8b465ee728b)  -> (artifact id: '8fef177381b1c2e5c4e10f4fd9eeb01e') in 0.006998 seconds
  Import took 0.017714 seconds .

========================================================================
Received Import Request.
  Time since last request: 0.937715 seconds.
  path: Assets/Scripts/Pickups/FullHealPickup.cs
  artifactKey: Guid(05b225d8fb728b7449e97ff17dfcdd2d) Importer(815301076,1909f56bfc062723c751e8b465ee728b)
Start importing Assets/Scripts/Pickups/FullHealPickup.cs using Guid(05b225d8fb728b7449e97ff17dfcdd2d) Importer(815301076,1909f56bfc062723c751e8b465ee728b)  -> (artifact id: '60a4fe1d664c9f7d7044da3f5b39ab6e') in 0.008369 seconds
  Import took 0.017248 seconds .

========================================================================
Received Prepare
Registering precompiled user dll's ...
Registered in 0.005818 seconds.
Begin MonoManager ReloadAssembly
Native extension for WindowsStandalone target not found
Native extension for WebGL target not found
Refreshing native plugins compatible for Editor in 1.08 ms, found 2 plugins.
Preloading 0 native plugins for Editor in 0.00 ms.
Mono: successfully reloaded assembly
- Completed reload, in  2.895 seconds
Platform modules already initialized, skipping
Refreshing native plugins compatible for Editor in 0.93 ms, found 2 plugins.
Preloading 0 native plugins for Editor in 0.00 ms.
Unloading 1798 Unused Serialized files (Serialized files now loaded: 0)
System memory in use before: 80.2 MB.
System memory in use after: 80.3 MB.

Unloading 14 unused Assets to reduce memory usage. Loaded Objects now: 2256.
Total: 5.016400 ms (FindLiveObjects: 0.239400 ms CreateObjectMapping: 0.121600 ms MarkObjects: 4.554600 ms  DeleteObjects: 0.099100 ms)

========================================================================
Received Import Request.
  Time since last request: 9.342218 seconds.
  path: Assets/Scripts/Pickups/FullHealPickup.cs
  artifactKey: Guid(05b225d8fb728b7449e97ff17dfcdd2d) Importer(815301076,1909f56bfc062723c751e8b465ee728b)
Start importing Assets/Scripts/Pickups/FullHealPickup.cs using Guid(05b225d8fb728b7449e97ff17dfcdd2d) Importer(815301076,1909f56bfc062723c751e8b465ee728b)  -> (artifact id: 'b3ab9bb2d8a09bf7213ed827054e8e2c') in 0.006980 seconds
  Import took 0.011759 seconds .

========================================================================
Received Prepare
Registering precompiled user dll's ...
Registered in 0.012646 seconds.
Begin MonoManager ReloadAssembly
Native extension for WindowsStandalone target not found
Native extension for WebGL target not found
Refreshing native plugins compatible for Editor in 0.60 ms, found 2 plugins.
Preloading 0 native plugins for Editor in 0.00 ms.
Mono: successfully reloaded assembly
- Completed reload, in  4.171 seconds
Platform modules already initialized, skipping
Refreshing native plugins compatible for Editor in 1.25 ms, found 2 plugins.
Preloading 0 native plugins for Editor in 0.00 ms.
Unloading 1798 Unused Serialized files (Serialized files now loaded: 0)
System memory in use before: 80.3 MB.
System memory in use after: 80.3 MB.

Unloading 14 unused Assets to reduce memory usage. Loaded Objects now: 2258.
Total: 8.848200 ms (FindLiveObjects: 0.807600 ms CreateObjectMapping: 0.374400 ms MarkObjects: 7.438100 ms  DeleteObjects: 0.223500 ms)

========================================================================
Received Import Request.
  Time since last request: 73.270892 seconds.
  path: Assets/Scenes/Level1.unity
  artifactKey: Guid(40b9170d60364bd4c9d8c4b3d9f01017) Importer(815301076,1909f56bfc062723c751e8b465ee728b)
Start importing Assets/Scenes/Level1.unity using Guid(40b9170d60364bd4c9d8c4b3d9f01017) Importer(815301076,1909f56bfc062723c751e8b465ee728b)  -> (artifact id: '1590d238db5b300402cb506279248f96') in 0.050995 seconds
  Import took 0.061196 seconds .

========================================================================
Received Import Request.
  Time since last request: 46.356124 seconds.
  path: Assets/Prefabs/UI/HealthImage.prefab
  artifactKey: Guid(8103328a75cb75f499b21bab5291caf0) Importer(815301076,1909f56bfc062723c751e8b465ee728b)
Start importing Assets/Prefabs/UI/HealthImage.prefab using Guid(8103328a75cb75f499b21bab5291caf0) Importer(815301076,1909f56bfc062723c751e8b465ee728b)  -> (artifact id: '0e132fb595b878230ec99571f1ea5bf6') in 0.125676 seconds
  Import took 0.131784 seconds .

========================================================================
Received Import Request.
  Time since last request: 0.011557 seconds.
  path: Assets/Prefabs/UI/HealthImage.prefab
  artifactKey: Guid(8103328a75cb75f499b21bab5291caf0) Importer(815301076,1909f56bfc062723c751e8b465ee728b)
Start importing Assets/Prefabs/UI/HealthImage.prefab using Guid(8103328a75cb75f499b21bab5291caf0) Importer(815301076,1909f56bfc062723c751e8b465ee728b)  -> (artifact id: '0e132fb595b878230ec99571f1ea5bf6') in 0.006800 seconds
  Import took 0.011560 seconds .

========================================================================
Received Import Request.
  Time since last request: 68.978135 seconds.
  path: Assets/Prefabs/PickUps/FullHealthPickUp.prefab
  artifactKey: Guid(0cccdc88f47cd294d9f507edaad06ca7) Importer(815301076,1909f56bfc062723c751e8b465ee728b)
Start importing Assets/Prefabs/PickUps/FullHealthPickUp.prefab using Guid(0cccdc88f47cd294d9f507edaad06ca7) Importer(815301076,1909f56bfc062723c751e8b465ee728b)  -> (artifact id: '18859a7f97b99d8998f042bafed030f3') in 0.372497 seconds
  Import took 0.391649 seconds .

========================================================================
Received Prepare
Registering precompiled user dll's ...
Registered in 0.260214 seconds.
Begin MonoManager ReloadAssembly
Native extension for WindowsStandalone target not found
Native extension for WebGL target not found
Refreshing native plugins compatible for Editor in 1.15 ms, found 2 plugins.
Preloading 0 native plugins for Editor in 0.00 ms.
Mono: successfully reloaded assembly
- Completed reload, in  4.637 seconds
Platform modules already initialized, skipping
Refreshing native plugins compatible for Editor in 0.61 ms, found 2 plugins.
Preloading 0 native plugins for Editor in 0.00 ms.
Unloading 1798 Unused Serialized files (Serialized files now loaded: 0)
System memory in use before: 83.4 MB.
System memory in use after: 83.5 MB.

Unloading 14 unused Assets to reduce memory usage. Loaded Objects now: 2267.
Total: 4.049900 ms (FindLiveObjects: 0.260200 ms CreateObjectMapping: 0.098900 ms MarkObjects: 3.587900 ms  DeleteObjects: 0.101200 ms)

